Handling lib "rpc-service-fs"...
Handling lib "rpc-service-config"...
Handling lib "mjs"...
Handling lib "rpc-uart"...
Handling lib "wifi"...
Handling lib "mqtt"...
Handling lib "gcp"...
Handling lib "ca-bundle"...
The --lib flag was not given for it, checking repository
The --lib flag was not given for it, checking repository
The --lib flag was not given for it, checking repository
The --lib flag was not given for it, checking repository
The --lib flag was not given for it, checking repository
The --lib flag was not given for it, checking repository
The --lib flag was not given for it, checking repository
The --lib flag was not given for it, checking repository
Falling back to sources for "mjs" (failed to fetch prebuilt binary: got 404 status code when accessed https://github.com/mongoose-os-libs/mjs/releases/download/2.3/libmjs-esp32.a)
Prepared local dir: "/fwbuild-volumes/2.3/apps/firmware/esp32/build_contexts/build_ctx_353990982/libs/mjs"
Falling back to sources for "gcp" (failed to fetch prebuilt binary: got 404 status code when accessed https://github.com/mongoose-os-libs/gcp/releases/download/2.3/libgcp-esp32.a)
Prepared local dir: "/fwbuild-volumes/2.3/apps/firmware/esp32/build_contexts/build_ctx_353990982/libs/gcp"
Handling lib "sntp"...
Handling lib "mongoose"...
The --lib flag was not given for it, checking repository
The --lib flag was not given for it, checking repository
Falling back to sources for "rpc-uart" (failed to fetch prebuilt binary: got 404 status code when accessed https://github.com/mongoose-os-libs/rpc-uart/releases/download/2.3/librpc-uart-esp32.a)
Prepared local dir: "/fwbuild-volumes/2.3/apps/firmware/esp32/build_contexts/build_ctx_353990982/libs/rpc-uart"
Handling lib "rpc-common"...
Falling back to sources for "rpc-service-fs" (failed to fetch prebuilt binary: got 404 status code when accessed https://github.com/mongoose-os-libs/rpc-service-fs/releases/download/2.3/librpc-service-fs-esp32.a)
The --lib flag was not given for it, checking repository
Prepared local dir: "/fwbuild-volumes/2.3/apps/firmware/esp32/build_contexts/build_ctx_353990982/libs/rpc-service-fs"
Falling back to sources for "rpc-service-config" (failed to fetch prebuilt binary: got 404 status code when accessed https://github.com/mongoose-os-libs/rpc-service-config/releases/download/2.3/librpc-service-config-esp32.a)
Prepared local dir: "/fwbuild-volumes/2.3/apps/firmware/esp32/build_contexts/build_ctx_353990982/libs/rpc-service-config"
Prebuilt binary for "mongoose" already exists
Prepared local dir: "/fwbuild-volumes/2.3/apps/firmware/esp32/build_contexts/build_ctx_353990982/libs/mongoose"
Falling back to sources for "wifi" (failed to fetch prebuilt binary: got 404 status code when accessed https://github.com/mongoose-os-libs/wifi/releases/download/2.3/libwifi-esp32.a)
Prepared local dir: "/fwbuild-volumes/2.3/apps/firmware/esp32/build_contexts/build_ctx_353990982/libs/wifi"
Falling back to sources for "ca-bundle" (failed to fetch prebuilt binary: got 404 status code when accessed https://github.com/mongoose-os-libs/ca-bundle/releases/download/2.3/libca-bundle-esp32.a)
Prepared local dir: "/fwbuild-volumes/2.3/apps/firmware/esp32/build_contexts/build_ctx_353990982/libs/ca-bundle"
Falling back to sources for "mqtt" (failed to fetch prebuilt binary: got 404 status code when accessed https://github.com/mongoose-os-libs/mqtt/releases/download/2.3/libmqtt-esp32.a)
Prepared local dir: "/fwbuild-volumes/2.3/apps/firmware/esp32/build_contexts/build_ctx_353990982/libs/mqtt"
Falling back to sources for "sntp" (failed to fetch prebuilt binary: got 404 status code when accessed https://github.com/mongoose-os-libs/sntp/releases/download/2.3/libsntp-esp32.a)
Prepared local dir: "/fwbuild-volumes/2.3/apps/firmware/esp32/build_contexts/build_ctx_353990982/libs/sntp"
Falling back to sources for "rpc-common" (failed to fetch prebuilt binary: got 404 status code when accessed https://github.com/mongoose-os-libs/rpc-common/releases/download/2.3/librpc-common-esp32.a)
Prepared local dir: "/fwbuild-volumes/2.3/apps/firmware/esp32/build_contexts/build_ctx_353990982/libs/rpc-common"
Handling lib "http-server"...
The --lib flag was not given for it, checking repository
Falling back to sources for "http-server" (failed to fetch prebuilt binary: got 404 status code when accessed https://github.com/mongoose-os-libs/http-server/releases/download/2.3/libhttp-server-esp32.a)
Prepared local dir: "/fwbuild-volumes/2.3/apps/firmware/esp32/build_contexts/build_ctx_353990982/libs/http-server"
The flag --module is not given for the module "mjs_module", going to use the repository
The flag --repo is not given, going to use mongoose-os repository
Sources: [/fwbuild-volumes/2.3/apps/firmware/esp32/build_contexts/build_ctx_353990982/src/main.c /fwbuild-volumes/2.3/apps/firmware/esp32/build_contexts/build_ctx_353990982/build/gen/mgos_deps_init.c /fwbuild-volumes/2.3/apps/firmware/esp32/build_contexts/build_ctx_353990982/libs/mqtt/src/mgos_mqtt.c /fwbuild-volumes/2.3/apps/firmware/esp32/build_contexts/build_ctx_353990982/libs/sntp/src/mgos_sntp.c /fwbuild-volumes/2.3/apps/firmware/esp32/build_contexts/build_ctx_353990982/libs/gcp/src/mgos_gcp.c /fwbuild-volumes/2.3/apps/firmware/esp32/build_contexts/build_ctx_353990982/libs/mjs/src/mos_mjs.c /fwbuild-volumes/2.3/apps/firmware/esp32/build_contexts/build_ctx_353990982/modules/mjs_module/mjs.c /fwbuild-volumes/2.3/apps/firmware/esp32/build_contexts/build_ctx_353990982/libs/mjs/esp32/src/esp32_mjs.c /fwbuild-volumes/2.3/apps/firmware/esp32/build_contexts/build_ctx_353990982/libs/http-server/src/mgos_http_server.c /fwbuild-volumes/2.3/apps/firmware/esp32/build_contexts/build_ctx_353990982/libs/rpc-common/src/mg_rpc/mg_rpc.c /fwbuild-volumes/2.3/apps/firmware/esp32/build_contexts/build_ctx_353990982/libs/rpc-common/src/mg_rpc/mg_rpc_channel.c /fwbuild-volumes/2.3/apps/firmware/esp32/build_contexts/build_ctx_353990982/libs/rpc-common/src/mg_rpc/mg_rpc_channel_http.c /fwbuild-volumes/2.3/apps/firmware/esp32/build_contexts/build_ctx_353990982/libs/rpc-common/src/mg_rpc/mg_rpc_channel_ws.c /fwbuild-volumes/2.3/apps/firmware/esp32/build_contexts/build_ctx_353990982/libs/rpc-common/src/mgos_rpc.c /fwbuild-volumes/2.3/apps/firmware/esp32/build_contexts/build_ctx_353990982/libs/rpc-service-config/src/mgos_service_config.c /fwbuild-volumes/2.3/apps/firmware/esp32/build_contexts/build_ctx_353990982/libs/rpc-service-fs/src/mgos_service_filesystem.c /fwbuild-volumes/2.3/apps/firmware/esp32/build_contexts/build_ctx_353990982/libs/rpc-uart/src/mgos_rpc_channel_uart.c /fwbuild-volumes/2.3/apps/firmware/esp32/build_contexts/build_ctx_353990982/libs/wifi/src/mgos_wifi.c /fwbuild-volumes/2.3/apps/firmware/esp32/build_contexts/build_ctx_353990982/libs/wifi/src/mjs_wifi.c /fwbuild-volumes/2.3/apps/firmware/esp32/build_contexts/build_ctx_353990982/libs/wifi/esp32/src/esp32_wifi.c]
Include dirs: [/fwbuild-volumes/2.3/apps/firmware/esp32/build_contexts/build_ctx_353990982/libs/mongoose/include /fwbuild-volumes/2.3/apps/firmware/esp32/build_contexts/build_ctx_353990982/libs/mqtt/include /fwbuild-volumes/2.3/apps/firmware/esp32/build_contexts/build_ctx_353990982/libs/mjs/include /fwbuild-volumes/2.3/apps/firmware/esp32/build_contexts/build_ctx_353990982/libs/http-server/include /fwbuild-volumes/2.3/apps/firmware/esp32/build_contexts/build_ctx_353990982/libs/rpc-common/include/mg_rpc /fwbuild-volumes/2.3/apps/firmware/esp32/build_contexts/build_ctx_353990982/libs/rpc-common/include /fwbuild-volumes/2.3/apps/firmware/esp32/build_contexts/build_ctx_353990982/libs/rpc-service-config/include /fwbuild-volumes/2.3/apps/firmware/esp32/build_contexts/build_ctx_353990982/libs/rpc-service-fs/include /fwbuild-volumes/2.3/apps/firmware/esp32/build_contexts/build_ctx_353990982/libs/rpc-uart/include /fwbuild-volumes/2.3/apps/firmware/esp32/build_contexts/build_ctx_353990982/libs/wifi/include /fwbuild-volumes/2.3/apps/firmware/esp32/build_contexts/build_ctx_353990982/libs/wifi/esp32/include]
Binary libs: [/fwbuild-volumes/2.3/apps/firmware/esp32/build_contexts/build_ctx_353990982/libs/mongoose/lib/esp32/libmongoose.a]
Building...
mount from "/fwbuild-volumes/2.3/apps/firmware/esp32/build_contexts/build_ctx_353990982" to "/app"
mount from "/fwbuild-volumes/2.3/apps/firmware/esp32/build_contexts/build_ctx_353990982/modules/mongoose-os" to "/mongoose-os"
mount from "/fwbuild-volumes/2.3/apps/firmware/esp32/build_contexts/build_ctx_353990982/modules/mongoose-os" to "/fwbuild-volumes/2.3/apps/firmware/esp32/build_contexts/build_ctx_353990982/modules/mongoose-os"
mount from "/fwbuild-volumes/2.3/apps/firmware/esp32/build_contexts/build_ctx_353990982/build" to "/fwbuild-volumes/2.3/apps/firmware/esp32/build_contexts/build_ctx_353990982/build"
mount from "/fwbuild-volumes/2.3/apps/firmware/esp32/build_contexts/build_ctx_353990982/src" to "/fwbuild-volumes/2.3/apps/firmware/esp32/build_contexts/build_ctx_353990982/src"
mount from "/fwbuild-volumes/2.3/apps/firmware/esp32/build_contexts/build_ctx_353990982/build/gen" to "/fwbuild-volumes/2.3/apps/firmware/esp32/build_contexts/build_ctx_353990982/build/gen"
mount from "/fwbuild-volumes/2.3/apps/firmware/esp32/build_contexts/build_ctx_353990982/libs/mqtt/src" to "/fwbuild-volumes/2.3/apps/firmware/esp32/build_contexts/build_ctx_353990982/libs/mqtt/src"
mount from "/fwbuild-volumes/2.3/apps/firmware/esp32/build_contexts/build_ctx_353990982/libs/sntp/src" to "/fwbuild-volumes/2.3/apps/firmware/esp32/build_contexts/build_ctx_353990982/libs/sntp/src"
mount from "/fwbuild-volumes/2.3/apps/firmware/esp32/build_contexts/build_ctx_353990982/libs/gcp/src" to "/fwbuild-volumes/2.3/apps/firmware/esp32/build_contexts/build_ctx_353990982/libs/gcp/src"
mount from "/fwbuild-volumes/2.3/apps/firmware/esp32/build_contexts/build_ctx_353990982/libs/mjs/src" to "/fwbuild-volumes/2.3/apps/firmware/esp32/build_contexts/build_ctx_353990982/libs/mjs/src"
mount from "/fwbuild-volumes/2.3/apps/firmware/esp32/build_contexts/build_ctx_353990982/modules/mjs_module" to "/fwbuild-volumes/2.3/apps/firmware/esp32/build_contexts/build_ctx_353990982/modules/mjs_module"
mount from "/fwbuild-volumes/2.3/apps/firmware/esp32/build_contexts/build_ctx_353990982/libs/mjs/esp32/src" to "/fwbuild-volumes/2.3/apps/firmware/esp32/build_contexts/build_ctx_353990982/libs/mjs/esp32/src"
mount from "/fwbuild-volumes/2.3/apps/firmware/esp32/build_contexts/build_ctx_353990982/libs/http-server/src" to "/fwbuild-volumes/2.3/apps/firmware/esp32/build_contexts/build_ctx_353990982/libs/http-server/src"
mount from "/fwbuild-volumes/2.3/apps/firmware/esp32/build_contexts/build_ctx_353990982/libs/rpc-common/src/mg_rpc" to "/fwbuild-volumes/2.3/apps/firmware/esp32/build_contexts/build_ctx_353990982/libs/rpc-common/src/mg_rpc"
mount from "/fwbuild-volumes/2.3/apps/firmware/esp32/build_contexts/build_ctx_353990982/libs/rpc-common/src" to "/fwbuild-volumes/2.3/apps/firmware/esp32/build_contexts/build_ctx_353990982/libs/rpc-common/src"
mount from "/fwbuild-volumes/2.3/apps/firmware/esp32/build_contexts/build_ctx_353990982/libs/rpc-service-config/src" to "/fwbuild-volumes/2.3/apps/firmware/esp32/build_contexts/build_ctx_353990982/libs/rpc-service-config/src"
mount from "/fwbuild-volumes/2.3/apps/firmware/esp32/build_contexts/build_ctx_353990982/libs/rpc-service-fs/src" to "/fwbuild-volumes/2.3/apps/firmware/esp32/build_contexts/build_ctx_353990982/libs/rpc-service-fs/src"
mount from "/fwbuild-volumes/2.3/apps/firmware/esp32/build_contexts/build_ctx_353990982/libs/rpc-uart/src" to "/fwbuild-volumes/2.3/apps/firmware/esp32/build_contexts/build_ctx_353990982/libs/rpc-uart/src"
mount from "/fwbuild-volumes/2.3/apps/firmware/esp32/build_contexts/build_ctx_353990982/libs/wifi/src" to "/fwbuild-volumes/2.3/apps/firmware/esp32/build_contexts/build_ctx_353990982/libs/wifi/src"
mount from "/fwbuild-volumes/2.3/apps/firmware/esp32/build_contexts/build_ctx_353990982/libs/wifi/esp32/src" to "/fwbuild-volumes/2.3/apps/firmware/esp32/build_contexts/build_ctx_353990982/libs/wifi/esp32/src"
mount from "/fwbuild-volumes/2.3/apps/firmware/esp32/build_contexts/build_ctx_353990982/libs/mongoose/include" to "/fwbuild-volumes/2.3/apps/firmware/esp32/build_contexts/build_ctx_353990982/libs/mongoose/include"
mount from "/fwbuild-volumes/2.3/apps/firmware/esp32/build_contexts/build_ctx_353990982/libs/mqtt/include" to "/fwbuild-volumes/2.3/apps/firmware/esp32/build_contexts/build_ctx_353990982/libs/mqtt/include"
mount from "/fwbuild-volumes/2.3/apps/firmware/esp32/build_contexts/build_ctx_353990982/libs/mjs/include" to "/fwbuild-volumes/2.3/apps/firmware/esp32/build_contexts/build_ctx_353990982/libs/mjs/include"
mount from "/fwbuild-volumes/2.3/apps/firmware/esp32/build_contexts/build_ctx_353990982/libs/http-server/include" to "/fwbuild-volumes/2.3/apps/firmware/esp32/build_contexts/build_ctx_353990982/libs/http-server/include"
mount from "/fwbuild-volumes/2.3/apps/firmware/esp32/build_contexts/build_ctx_353990982/libs/rpc-common/include/mg_rpc" to "/fwbuild-volumes/2.3/apps/firmware/esp32/build_contexts/build_ctx_353990982/libs/rpc-common/include/mg_rpc"
mount from "/fwbuild-volumes/2.3/apps/firmware/esp32/build_contexts/build_ctx_353990982/libs/rpc-common/include" to "/fwbuild-volumes/2.3/apps/firmware/esp32/build_contexts/build_ctx_353990982/libs/rpc-common/include"
mount from "/fwbuild-volumes/2.3/apps/firmware/esp32/build_contexts/build_ctx_353990982/libs/rpc-service-config/include" to "/fwbuild-volumes/2.3/apps/firmware/esp32/build_contexts/build_ctx_353990982/libs/rpc-service-config/include"
mount from "/fwbuild-volumes/2.3/apps/firmware/esp32/build_contexts/build_ctx_353990982/libs/rpc-service-fs/include" to "/fwbuild-volumes/2.3/apps/firmware/esp32/build_contexts/build_ctx_353990982/libs/rpc-service-fs/include"
mount from "/fwbuild-volumes/2.3/apps/firmware/esp32/build_contexts/build_ctx_353990982/libs/rpc-uart/include" to "/fwbuild-volumes/2.3/apps/firmware/esp32/build_contexts/build_ctx_353990982/libs/rpc-uart/include"
mount from "/fwbuild-volumes/2.3/apps/firmware/esp32/build_contexts/build_ctx_353990982/libs/wifi/include" to "/fwbuild-volumes/2.3/apps/firmware/esp32/build_contexts/build_ctx_353990982/libs/wifi/include"
mount from "/fwbuild-volumes/2.3/apps/firmware/esp32/build_contexts/build_ctx_353990982/libs/wifi/esp32/include" to "/fwbuild-volumes/2.3/apps/firmware/esp32/build_contexts/build_ctx_353990982/libs/wifi/esp32/include"
mount from "/fwbuild-volumes/2.3/apps/firmware/esp32/build_contexts/build_ctx_353990982/libs/ca-bundle/fs" to "/fwbuild-volumes/2.3/apps/firmware/esp32/build_contexts/build_ctx_353990982/libs/ca-bundle/fs"
mount from "/fwbuild-volumes/2.3/apps/firmware/esp32/build_contexts/build_ctx_353990982/libs/mjs/fs" to "/fwbuild-volumes/2.3/apps/firmware/esp32/build_contexts/build_ctx_353990982/libs/mjs/fs"
mount from "/fwbuild-volumes/2.3/apps/firmware/esp32/build_contexts/build_ctx_353990982/modules/mjs_module/mjs/lib" to "/fwbuild-volumes/2.3/apps/firmware/esp32/build_contexts/build_ctx_353990982/modules/mjs_module/mjs/lib"
mount from "/fwbuild-volumes/2.3/apps/firmware/esp32/build_contexts/build_ctx_353990982/libs/mqtt/mjs_fs" to "/fwbuild-volumes/2.3/apps/firmware/esp32/build_contexts/build_ctx_353990982/libs/mqtt/mjs_fs"
mount from "/fwbuild-volumes/2.3/apps/firmware/esp32/build_contexts/build_ctx_353990982/libs/rpc-common/mjs_fs" to "/fwbuild-volumes/2.3/apps/firmware/esp32/build_contexts/build_ctx_353990982/libs/rpc-common/mjs_fs"
mount from "/fwbuild-volumes/2.3/apps/firmware/esp32/build_contexts/build_ctx_353990982/libs/wifi/mjs_fs" to "/fwbuild-volumes/2.3/apps/firmware/esp32/build_contexts/build_ctx_353990982/libs/wifi/mjs_fs"
mount from "/fwbuild-volumes/2.3/apps/firmware/esp32/build_contexts/build_ctx_353990982/libs/mjs/esp32/fs" to "/fwbuild-volumes/2.3/apps/firmware/esp32/build_contexts/build_ctx_353990982/libs/mjs/esp32/fs"
mount from "/fwbuild-volumes/2.3/apps/firmware/esp32/build_contexts/build_ctx_353990982/fs" to "/fwbuild-volumes/2.3/apps/firmware/esp32/build_contexts/build_ctx_353990982/fs"
mount from "/fwbuild-volumes/2.3/apps/firmware/esp32/build_contexts/build_ctx_353990982/libs/mongoose/lib/esp32" to "/fwbuild-volumes/2.3/apps/firmware/esp32/build_contexts/build_ctx_353990982/libs/mongoose/lib/esp32"
mount from "/fwbuild-volumes/2.3/apps/firmware/esp32/build_contexts/build_ctx_353990982/build/gen" to "/fwbuild-volumes/2.3/apps/firmware/esp32/build_contexts/build_ctx_353990982/build/gen"
Docker arguments: run --name mos_build_2018-06-26T11-44-54-00_783328477344431977 --rm -i -v /fwbuild-volumes/2.3/apps/firmware/esp32/build_contexts/build_ctx_353990982/libs/mongoose/lib/esp32:/fwbuild-volumes/2.3/apps/firmware/esp32/build_contexts/build_ctx_353990982/libs/mongoose/lib/esp32 -v /fwbuild-volumes/2.3/apps/firmware/esp32/build_contexts/build_ctx_353990982/modules/mongoose-os:/fwbuild-volumes/2.3/apps/firmware/esp32/build_contexts/build_ctx_353990982/modules/mongoose-os -v /fwbuild-volumes/2.3/apps/firmware/esp32/build_contexts/build_ctx_353990982/libs/http-server/src:/fwbuild-volumes/2.3/apps/firmware/esp32/build_contexts/build_ctx_353990982/libs/http-server/src -v /fwbuild-volumes/2.3/apps/firmware/esp32/build_contexts/build_ctx_353990982/modules/mjs_module/mjs/lib:/fwbuild-volumes/2.3/apps/firmware/esp32/build_contexts/build_ctx_353990982/modules/mjs_module/mjs/lib -v /fwbuild-volumes/2.3/apps/firmware/esp32/build_contexts/build_ctx_353990982/fs:/fwbuild-volumes/2.3/apps/firmware/esp32/build_contexts/build_ctx_353990982/fs -v /fwbuild-volumes/2.3/apps/firmware/esp32/build_contexts/build_ctx_353990982:/app -v /fwbuild-volumes/2.3/apps/firmware/esp32/build_contexts/build_ctx_353990982/libs/wifi/src:/fwbuild-volumes/2.3/apps/firmware/esp32/build_contexts/build_ctx_353990982/libs/wifi/src -v /fwbuild-volumes/2.3/apps/firmware/esp32/build_contexts/build_ctx_353990982/libs/http-server/include:/fwbuild-volumes/2.3/apps/firmware/esp32/build_contexts/build_ctx_353990982/libs/http-server/include -v /fwbuild-volumes/2.3/apps/firmware/esp32/build_contexts/build_ctx_353990982/libs/rpc-uart/include:/fwbuild-volumes/2.3/apps/firmware/esp32/build_contexts/build_ctx_353990982/libs/rpc-uart/include -v /fwbuild-volumes/2.3/apps/firmware/esp32/build_contexts/build_ctx_353990982/libs/wifi/include:/fwbuild-volumes/2.3/apps/firmware/esp32/build_contexts/build_ctx_353990982/libs/wifi/include -v /fwbuild-volumes/2.3/apps/firmware/esp32/build_contexts/build_ctx_353990982/libs/ca-bundle/fs:/fwbuild-volumes/2.3/apps/firmware/esp32/build_contexts/build_ctx_353990982/libs/ca-bundle/fs -v /fwbuild-volumes/2.3/apps/firmware/esp32/build_contexts/build_ctx_353990982/libs/rpc-common/mjs_fs:/fwbuild-volumes/2.3/apps/firmware/esp32/build_contexts/build_ctx_353990982/libs/rpc-common/mjs_fs -v /fwbuild-volumes/2.3/apps/firmware/esp32/build_contexts/build_ctx_353990982/libs/rpc-common/include/mg_rpc:/fwbuild-volumes/2.3/apps/firmware/esp32/build_contexts/build_ctx_353990982/libs/rpc-common/include/mg_rpc -v /fwbuild-volumes/2.3/apps/firmware/esp32/build_contexts/build_ctx_353990982/build:/fwbuild-volumes/2.3/apps/firmware/esp32/build_contexts/build_ctx_353990982/build -v /fwbuild-volumes/2.3/apps/firmware/esp32/build_contexts/build_ctx_353990982/libs/mjs/esp32/src:/fwbuild-volumes/2.3/apps/firmware/esp32/build_contexts/build_ctx_353990982/libs/mjs/esp32/src -v /fwbuild-volumes/2.3/apps/firmware/esp32/build_contexts/build_ctx_353990982/libs/rpc-common/src/mg_rpc:/fwbuild-volumes/2.3/apps/firmware/esp32/build_contexts/build_ctx_353990982/libs/rpc-common/src/mg_rpc -v /fwbuild-volumes/2.3/apps/firmware/esp32/build_contexts/build_ctx_353990982/libs/rpc-service-fs/src:/fwbuild-volumes/2.3/apps/firmware/esp32/build_contexts/build_ctx_353990982/libs/rpc-service-fs/src -v /fwbuild-volumes/2.3/apps/firmware/esp32/build_contexts/build_ctx_353990982/libs/rpc-uart/src:/fwbuild-volumes/2.3/apps/firmware/esp32/build_contexts/build_ctx_353990982/libs/rpc-uart/src -v /fwbuild-volumes/2.3/apps/firmware/esp32/build_contexts/build_ctx_353990982/libs/mongoose/include:/fwbuild-volumes/2.3/apps/firmware/esp32/build_contexts/build_ctx_353990982/libs/mongoose/include -v /fwbuild-volumes/2.3/apps/firmware/esp32/build_contexts/build_ctx_353990982/libs/mqtt/include:/fwbuild-volumes/2.3/apps/firmware/esp32/build_contexts/build_ctx_353990982/libs/mqtt/include -v /fwbuild-volumes/2.3/apps/firmware/esp32/build_contexts/build_ctx_353990982/libs/rpc-service-fs/include:/fwbuild-volumes/2.3/apps/firmware/esp32/build_contexts/build_ctx_353990982/libs/rpc-service-fs/include -v /fwbuild-volumes/2.3/apps/firmware/esp32/build_contexts/build_ctx_353990982/libs/wifi/esp32/include:/fwbuild-volumes/2.3/apps/firmware/esp32/build_contexts/build_ctx_353990982/libs/wifi/esp32/include -v /fwbuild-volumes/2.3/apps/firmware/esp32/build_contexts/build_ctx_353990982/libs/mqtt/mjs_fs:/fwbuild-volumes/2.3/apps/firmware/esp32/build_contexts/build_ctx_353990982/libs/mqtt/mjs_fs -v /fwbuild-volumes/2.3/apps/firmware/esp32/build_contexts/build_ctx_353990982/src:/fwbuild-volumes/2.3/apps/firmware/esp32/build_contexts/build_ctx_353990982/src -v /fwbuild-volumes/2.3/apps/firmware/esp32/build_contexts/build_ctx_353990982/build/gen:/fwbuild-volumes/2.3/apps/firmware/esp32/build_contexts/build_ctx_353990982/build/gen -v /fwbuild-volumes/2.3/apps/firmware/esp32/build_contexts/build_ctx_353990982/modules/mjs_module:/fwbuild-volumes/2.3/apps/firmware/esp32/build_contexts/build_ctx_353990982/modules/mjs_module -v /fwbuild-volumes/2.3/apps/firmware/esp32/build_contexts/build_ctx_353990982/libs/mjs/esp32/fs:/fwbuild-volumes/2.3/apps/firmware/esp32/build_contexts/build_ctx_353990982/libs/mjs/esp32/fs -v /fwbuild-volumes/2.3/apps/firmware/esp32/build_contexts/build_ctx_353990982/modules/mongoose-os:/mongoose-os -v /fwbuild-volumes/2.3/apps/firmware/esp32/build_contexts/build_ctx_353990982/libs/gcp/src:/fwbuild-volumes/2.3/apps/firmware/esp32/build_contexts/build_ctx_353990982/libs/gcp/src -v /fwbuild-volumes/2.3/apps/firmware/esp32/build_contexts/build_ctx_353990982/libs/wifi/esp32/src:/fwbuild-volumes/2.3/apps/firmware/esp32/build_contexts/build_ctx_353990982/libs/wifi/esp32/src -v /fwbuild-volumes/2.3/apps/firmware/esp32/build_contexts/build_ctx_353990982/libs/rpc-common/include:/fwbuild-volumes/2.3/apps/firmware/esp32/build_contexts/build_ctx_353990982/libs/rpc-common/include -v /fwbuild-volumes/2.3/apps/firmware/esp32/build_contexts/build_ctx_353990982/libs/rpc-service-config/include:/fwbuild-volumes/2.3/apps/firmware/esp32/build_contexts/build_ctx_353990982/libs/rpc-service-config/include -v /fwbuild-volumes/2.3/apps/firmware/esp32/build_contexts/build_ctx_353990982/libs/wifi/mjs_fs:/fwbuild-volumes/2.3/apps/firmware/esp32/build_contexts/build_ctx_353990982/libs/wifi/mjs_fs -v /fwbuild-volumes/2.3/apps/firmware/esp32/build_contexts/build_ctx_353990982/libs/mqtt/src:/fwbuild-volumes/2.3/apps/firmware/esp32/build_contexts/build_ctx_353990982/libs/mqtt/src -v /fwbuild-volumes/2.3/apps/firmware/esp32/build_contexts/build_ctx_353990982/libs/sntp/src:/fwbuild-volumes/2.3/apps/firmware/esp32/build_contexts/build_ctx_353990982/libs/sntp/src -v /fwbuild-volumes/2.3/apps/firmware/esp32/build_contexts/build_ctx_353990982/libs/mjs/src:/fwbuild-volumes/2.3/apps/firmware/esp32/build_contexts/build_ctx_353990982/libs/mjs/src -v /fwbuild-volumes/2.3/apps/firmware/esp32/build_contexts/build_ctx_353990982/libs/rpc-common/src:/fwbuild-volumes/2.3/apps/firmware/esp32/build_contexts/build_ctx_353990982/libs/rpc-common/src -v /fwbuild-volumes/2.3/apps/firmware/esp32/build_contexts/build_ctx_353990982/libs/rpc-service-config/src:/fwbuild-volumes/2.3/apps/firmware/esp32/build_contexts/build_ctx_353990982/libs/rpc-service-config/src -v /fwbuild-volumes/2.3/apps/firmware/esp32/build_contexts/build_ctx_353990982/libs/mjs/include:/fwbuild-volumes/2.3/apps/firmware/esp32/build_contexts/build_ctx_353990982/libs/mjs/include -v /fwbuild-volumes/2.3/apps/firmware/esp32/build_contexts/build_ctx_353990982/libs/mjs/fs:/fwbuild-volumes/2.3/apps/firmware/esp32/build_contexts/build_ctx_353990982/libs/mjs/fs --user 0:0 docker.io/mgos/esp32-build:3.0-rc1-r9 /bin/bash -c nice make '-j' '16' '-C' '/app' '-f' '/mongoose-os/fw/platforms/esp32/Makefile.build' 'all' 'APP=firmware' 'APP_BIN_LIBS=/fwbuild-volumes/2.3/apps/firmware/esp32/build_contexts/build_ctx_353990982/libs/mongoose/lib/esp32/libmongoose.a' 'APP_CFLAGS=-DMGOS_ENABLE_FILE_UPLOAD=1 -DMGOS_ENABLE_RPC_CHANNEL_HTTP=1 -DMGOS_ENABLE_RPC_CHANNEL_WS=1 -DMGOS_ENABLE_SYS_SERVICE=1 -DMGOS_ENABLE_TUNNEL=0 -DMGOS_ENABLE_WEB_CONFIG=0 -DMGOS_HAVE_CA_BUNDLE=1 -DMGOS_HAVE_GCP=1 -DMGOS_HAVE_HTTP_SERVER=1 -DMGOS_HAVE_MJS=1 -DMGOS_HAVE_MONGOOSE=1 -DMGOS_HAVE_MQTT=1 -DMGOS_HAVE_RPC_COMMON=1 -DMGOS_HAVE_RPC_SERVICE_CONFIG=1 -DMGOS_HAVE_RPC_SERVICE_FS=1 -DMGOS_HAVE_RPC_UART=1 -DMGOS_HAVE_SNTP=1 -DMGOS_HAVE_WIFI=1 -DMGOS_WIFI_ENABLE_AP_STA=1 -DMG_ENABLE_DNS=1 -DMG_ENABLE_DNS_SERVER=1 -DMG_ENABLE_MQTT=1 -DMG_ENABLE_SNTP=1' 'APP_CONF_SCHEMA=/fwbuild-volumes/2.3/apps/firmware/esp32/build_contexts/build_ctx_353990982/build/gen/mos_conf_schema.yml' 'APP_CXXFLAGS=-DMGOS_ENABLE_FILE_UPLOAD=1 -DMGOS_ENABLE_RPC_CHANNEL_HTTP=1 -DMGOS_ENABLE_RPC_CHANNEL_WS=1 -DMGOS_ENABLE_SYS_SERVICE=1 -DMGOS_ENABLE_TUNNEL=0 -DMGOS_ENABLE_WEB_CONFIG=0 -DMGOS_HAVE_CA_BUNDLE=1 -DMGOS_HAVE_GCP=1 -DMGOS_HAVE_HTTP_SERVER=1 -DMGOS_HAVE_MJS=1 -DMGOS_HAVE_MONGOOSE=1 -DMGOS_HAVE_MQTT=1 -DMGOS_HAVE_RPC_COMMON=1 -DMGOS_HAVE_RPC_SERVICE_CONFIG=1 -DMGOS_HAVE_RPC_SERVICE_FS=1 -DMGOS_HAVE_RPC_UART=1 -DMGOS_HAVE_SNTP=1 -DMGOS_HAVE_WIFI=1 -DMGOS_WIFI_ENABLE_AP_STA=1 -DMG_ENABLE_DNS=1 -DMG_ENABLE_DNS_SERVER=1 -DMG_ENABLE_MQTT=1 -DMG_ENABLE_SNTP=1' 'APP_FS_FILES=/fwbuild-volumes/2.3/apps/firmware/esp32/build_contexts/build_ctx_353990982/libs/ca-bundle/fs/ca.pem /fwbuild-volumes/2.3/apps/firmware/esp32/build_contexts/build_ctx_353990982/libs/mjs/fs/api_bitbang.js /fwbuild-volumes/2.3/apps/firmware/esp32/build_contexts/build_ctx_353990982/libs/mjs/fs/api_config.js /fwbuild-volumes/2.3/apps/firmware/esp32/build_contexts/build_ctx_353990982/libs/mjs/fs/api_events.js /fwbuild-volumes/2.3/apps/firmware/esp32/build_contexts/build_ctx_353990982/libs/mjs/fs/api_gpio.js /fwbuild-volumes/2.3/apps/firmware/esp32/build_contexts/build_ctx_353990982/libs/mjs/fs/api_grove.js /fwbuild-volumes/2.3/apps/firmware/esp32/build_contexts/build_ctx_353990982/libs/mjs/fs/api_http.js /fwbuild-volumes/2.3/apps/firmware/esp32/build_contexts/build_ctx_353990982/libs/mjs/fs/api_log.js /fwbuild-volumes/2.3/apps/firmware/esp32/build_contexts/build_ctx_353990982/libs/mjs/fs/api_net.js /fwbuild-volumes/2.3/apps/firmware/esp32/build_contexts/build_ctx_353990982/libs/mjs/fs/api_sys.js /fwbuild-volumes/2.3/apps/firmware/esp32/build_contexts/build_ctx_353990982/libs/mjs/fs/api_timer.js /fwbuild-volumes/2.3/apps/firmware/esp32/build_contexts/build_ctx_353990982/libs/mjs/fs/api_uart.js /fwbuild-volumes/2.3/apps/firmware/esp32/build_contexts/build_ctx_353990982/libs/mjs/fs/init.js /fwbuild-volumes/2.3/apps/firmware/esp32/build_contexts/build_ctx_353990982/modules/mjs_module/mjs/lib/api_dataview.js /fwbuild-volumes/2.3/apps/firmware/esp32/build_contexts/build_ctx_353990982/modules/mjs_module/mjs/lib/api_file.js /fwbuild-volumes/2.3/apps/firmware/esp32/build_contexts/build_ctx_353990982/modules/mjs_module/mjs/lib/api_math.js /fwbuild-volumes/2.3/apps/firmware/esp32/build_contexts/build_ctx_353990982/libs/mqtt/mjs_fs/api_mqtt.js /fwbuild-volumes/2.3/apps/firmware/esp32/build_contexts/build_ctx_353990982/libs/rpc-common/mjs_fs/api_rpc.js /fwbuild-volumes/2.3/apps/firmware/esp32/build_contexts/build_ctx_353990982/libs/wifi/mjs_fs/api_wifi.js /fwbuild-volumes/2.3/apps/firmware/esp32/build_contexts/build_ctx_353990982/libs/mjs/esp32/fs/api_arch_uart.js /fwbuild-volumes/2.3/apps/firmware/esp32/build_contexts/build_ctx_353990982/libs/mjs/esp32/fs/api_esp32.js /fwbuild-volumes/2.3/apps/firmware/esp32/build_contexts/build_ctx_353990982/fs/index.html /fwbuild-volumes/2.3/apps/firmware/esp32/build_contexts/build_ctx_353990982/fs/init.js' 'APP_INCLUDES=/fwbuild-volumes/2.3/apps/firmware/esp32/build_contexts/build_ctx_353990982/libs/mongoose/include /fwbuild-volumes/2.3/apps/firmware/esp32/build_contexts/build_ctx_353990982/libs/mqtt/include /fwbuild-volumes/2.3/apps/firmware/esp32/build_contexts/build_ctx_353990982/libs/mjs/include /fwbuild-volumes/2.3/apps/firmware/esp32/build_contexts/build_ctx_353990982/libs/http-server/include /fwbuild-volumes/2.3/apps/firmware/esp32/build_contexts/build_ctx_353990982/libs/rpc-common/include/mg_rpc /fwbuild-volumes/2.3/apps/firmware/esp32/build_contexts/build_ctx_353990982/libs/rpc-common/include /fwbuild-volumes/2.3/apps/firmware/esp32/build_contexts/build_ctx_353990982/libs/rpc-service-config/include /fwbuild-volumes/2.3/apps/firmware/esp32/build_contexts/build_ctx_353990982/libs/rpc-service-fs/include /fwbuild-volumes/2.3/apps/firmware/esp32/build_contexts/build_ctx_353990982/libs/rpc-uart/include /fwbuild-volumes/2.3/apps/firmware/esp32/build_contexts/build_ctx_353990982/libs/wifi/include /fwbuild-volumes/2.3/apps/firmware/esp32/build_contexts/build_ctx_353990982/libs/wifi/esp32/include' 'APP_SOURCES=/fwbuild-volumes/2.3/apps/firmware/esp32/build_contexts/build_ctx_353990982/src/main.c /fwbuild-volumes/2.3/apps/firmware/esp32/build_contexts/build_ctx_353990982/build/gen/mgos_deps_init.c /fwbuild-volumes/2.3/apps/firmware/esp32/build_contexts/build_ctx_353990982/libs/mqtt/src/mgos_mqtt.c /fwbuild-volumes/2.3/apps/firmware/esp32/build_contexts/build_ctx_353990982/libs/sntp/src/mgos_sntp.c /fwbuild-volumes/2.3/apps/firmware/esp32/build_contexts/build_ctx_353990982/libs/gcp/src/mgos_gcp.c /fwbuild-volumes/2.3/apps/firmware/esp32/build_contexts/build_ctx_353990982/libs/mjs/src/mos_mjs.c /fwbuild-volumes/2.3/apps/firmware/esp32/build_contexts/build_ctx_353990982/modules/mjs_module/mjs.c /fwbuild-volumes/2.3/apps/firmware/esp32/build_contexts/build_ctx_353990982/libs/mjs/esp32/src/esp32_mjs.c /fwbuild-volumes/2.3/apps/firmware/esp32/build_contexts/build_ctx_353990982/libs/http-server/src/mgos_http_server.c /fwbuild-volumes/2.3/apps/firmware/esp32/build_contexts/build_ctx_353990982/libs/rpc-common/src/mg_rpc/mg_rpc.c /fwbuild-volumes/2.3/apps/firmware/esp32/build_contexts/build_ctx_353990982/libs/rpc-common/src/mg_rpc/mg_rpc_channel.c /fwbuild-volumes/2.3/apps/firmware/esp32/build_contexts/build_ctx_353990982/libs/rpc-common/src/mg_rpc/mg_rpc_channel_http.c /fwbuild-volumes/2.3/apps/firmware/esp32/build_contexts/build_ctx_353990982/libs/rpc-common/src/mg_rpc/mg_rpc_channel_ws.c /fwbuild-volumes/2.3/apps/firmware/esp32/build_contexts/build_ctx_353990982/libs/rpc-common/src/mgos_rpc.c /fwbuild-volumes/2.3/apps/firmware/esp32/build_contexts/build_ctx_353990982/libs/rpc-service-config/src/mgos_service_config.c /fwbuild-volumes/2.3/apps/firmware/esp32/build_contexts/build_ctx_353990982/libs/rpc-service-fs/src/mgos_service_filesystem.c /fwbuild-volumes/2.3/apps/firmware/esp32/build_contexts/build_ctx_353990982/libs/rpc-uart/src/mgos_rpc_channel_uart.c /fwbuild-volumes/2.3/apps/firmware/esp32/build_contexts/build_ctx_353990982/libs/wifi/src/mgos_wifi.c /fwbuild-volumes/2.3/apps/firmware/esp32/build_contexts/build_ctx_353990982/libs/wifi/src/mjs_wifi.c /fwbuild-volumes/2.3/apps/firmware/esp32/build_contexts/build_ctx_353990982/libs/wifi/esp32/src/esp32_wifi.c' 'APP_VERSION=1.0' 'BUILD_DIR=/fwbuild-volumes/2.3/apps/firmware/esp32/build_contexts/build_ctx_353990982/build/objs' 'ESP_IDF_EXTRA_COMPONENTS=' 'ESP_IDF_SDKCONFIG_OPTS=' 'FFI_SYMBOLS=' 'FS_STAGING_DIR=/fwbuild-volumes/2.3/apps/firmware/esp32/build_contexts/build_ctx_353990982/build/fs' 'FW_DIR=/fwbuild-volumes/2.3/apps/firmware/esp32/build_contexts/build_ctx_353990982/build/fw' 'GEN_DIR=/fwbuild-volumes/2.3/apps/firmware/esp32/build_contexts/build_ctx_353990982/build/gen' 'MANIFEST_FINAL=/fwbuild-volumes/2.3/apps/firmware/esp32/build_contexts/build_ctx_353990982/build/gen/mos_final.yml' 'MGOS_HAVE_CA_BUNDLE=1' 'MGOS_HAVE_GCP=1' 'MGOS_HAVE_HTTP_SERVER=1' 'MGOS_HAVE_MJS=1' 'MGOS_HAVE_MONGOOSE=1' 'MGOS_HAVE_MQTT=1' 'MGOS_HAVE_RPC_COMMON=1' 'MGOS_HAVE_RPC_SERVICE_CONFIG=1' 'MGOS_HAVE_RPC_SERVICE_FS=1' 'MGOS_HAVE_RPC_UART=1' 'MGOS_HAVE_SNTP=1' 'MGOS_HAVE_WIFI=1' 'MGOS_PATH=/mongoose-os' 'MGOS_WIFI_ENABLE_AP_STA=1' 'PLATFORM=esp32'
make: Entering directory '/app'
/mongoose-os/fw/platforms/esp32/Makefile.build:179: warning: overriding recipe for target 'defconfig'
/opt/Espressif/esp-idf/make/project_config.mk:75: warning: ignoring old recipe for target 'defconfig'
/mongoose-os/fw/platforms/esp32/Makefile.build:179: warning: overriding recipe for target 'menuconfig'
/opt/Espressif/esp-idf/make/project_config.mk:62: warning: ignoring old recipe for target 'menuconfig'
make[1]: Entering directory '/opt/Espressif/esp-idf/components/bootloader/subproject'
make[1]: Entering directory '/fwbuild-volumes/2.3/apps/firmware/esp32/build_contexts/build_ctx_353990982/build/objs/mosapp'
  GEN   /fwbuild-volumes/2.3/apps/firmware/esp32/build_contexts/build_ctx_353990982/build/gen/ffi_exports.c
make[1]: Leaving directory '/opt/Espressif/esp-idf/components/bootloader/subproject'
CC /fwbuild-volumes/2.3/apps/firmware/esp32/build_contexts/build_ctx_353990982/build/objs/ffi_exports.o
AR /fwbuild-volumes/2.3/apps/firmware/esp32/build_contexts/build_ctx_353990982/build/objs/mosapp/libmosapp.a
make[1]: Leaving directory '/fwbuild-volumes/2.3/apps/firmware/esp32/build_contexts/build_ctx_353990982/build/objs/mosapp'
LD /fwbuild-volumes/2.3/apps/firmware/esp32/build_contexts/build_ctx_353990982/build/objs/firmware.elf
esptool.py v2.3.1
  Generating breakdown
  CP    /fwbuild-volumes/2.3/apps/firmware/esp32/build_contexts/build_ctx_353990982/libs/ca-bundle/fs/ca.pem -> /fwbuild-volumes/2.3/apps/firmware/esp32/build_contexts/build_ctx_353990982/build/fs
  CP    /fwbuild-volumes/2.3/apps/firmware/esp32/build_contexts/build_ctx_353990982/libs/mjs/fs/api_bitbang.js -> /fwbuild-volumes/2.3/apps/firmware/esp32/build_contexts/build_ctx_353990982/build/fs
  CP    /fwbuild-volumes/2.3/apps/firmware/esp32/build_contexts/build_ctx_353990982/libs/mjs/fs/api_config.js -> /fwbuild-volumes/2.3/apps/firmware/esp32/build_contexts/build_ctx_353990982/build/fs
  CP    /fwbuild-volumes/2.3/apps/firmware/esp32/build_contexts/build_ctx_353990982/libs/mjs/fs/api_events.js -> /fwbuild-volumes/2.3/apps/firmware/esp32/build_contexts/build_ctx_353990982/build/fs
  CP    /fwbuild-volumes/2.3/apps/firmware/esp32/build_contexts/build_ctx_353990982/libs/mjs/fs/api_gpio.js -> /fwbuild-volumes/2.3/apps/firmware/esp32/build_contexts/build_ctx_353990982/build/fs
  CP    /fwbuild-volumes/2.3/apps/firmware/esp32/build_contexts/build_ctx_353990982/libs/mjs/fs/api_grove.js -> /fwbuild-volumes/2.3/apps/firmware/esp32/build_contexts/build_ctx_353990982/build/fs
  CP    /fwbuild-volumes/2.3/apps/firmware/esp32/build_contexts/build_ctx_353990982/libs/mjs/fs/api_http.js -> /fwbuild-volumes/2.3/apps/firmware/esp32/build_contexts/build_ctx_353990982/build/fs
  CP    /fwbuild-volumes/2.3/apps/firmware/esp32/build_contexts/build_ctx_353990982/libs/mjs/fs/api_log.js -> /fwbuild-volumes/2.3/apps/firmware/esp32/build_contexts/build_ctx_353990982/build/fs
  CP    /fwbuild-volumes/2.3/apps/firmware/esp32/build_contexts/build_ctx_353990982/libs/mjs/fs/api_net.js -> /fwbuild-volumes/2.3/apps/firmware/esp32/build_contexts/build_ctx_353990982/build/fs
  CP    /fwbuild-volumes/2.3/apps/firmware/esp32/build_contexts/build_ctx_353990982/libs/mjs/fs/api_sys.js -> /fwbuild-volumes/2.3/apps/firmware/esp32/build_contexts/build_ctx_353990982/build/fs
  CP    /fwbuild-volumes/2.3/apps/firmware/esp32/build_contexts/build_ctx_353990982/libs/mjs/fs/api_timer.js -> /fwbuild-volumes/2.3/apps/firmware/esp32/build_contexts/build_ctx_353990982/build/fs
  CP    /fwbuild-volumes/2.3/apps/firmware/esp32/build_contexts/build_ctx_353990982/libs/mjs/fs/api_uart.js -> /fwbuild-volumes/2.3/apps/firmware/esp32/build_contexts/build_ctx_353990982/build/fs
  CP    /fwbuild-volumes/2.3/apps/firmware/esp32/build_contexts/build_ctx_353990982/libs/mjs/fs/init.js -> /fwbuild-volumes/2.3/apps/firmware/esp32/build_contexts/build_ctx_353990982/build/fs
  CP    /fwbuild-volumes/2.3/apps/firmware/esp32/build_contexts/build_ctx_353990982/modules/mjs_module/mjs/lib/api_dataview.js -> /fwbuild-volumes/2.3/apps/firmware/esp32/build_contexts/build_ctx_353990982/build/fs
  CP    /fwbuild-volumes/2.3/apps/firmware/esp32/build_contexts/build_ctx_353990982/modules/mjs_module/mjs/lib/api_file.js -> /fwbuild-volumes/2.3/apps/firmware/esp32/build_contexts/build_ctx_353990982/build/fs
  CP    /fwbuild-volumes/2.3/apps/firmware/esp32/build_contexts/build_ctx_353990982/modules/mjs_module/mjs/lib/api_math.js -> /fwbuild-volumes/2.3/apps/firmware/esp32/build_contexts/build_ctx_353990982/build/fs
  CP    /fwbuild-volumes/2.3/apps/firmware/esp32/build_contexts/build_ctx_353990982/libs/mqtt/mjs_fs/api_mqtt.js -> /fwbuild-volumes/2.3/apps/firmware/esp32/build_contexts/build_ctx_353990982/build/fs
  CP    /fwbuild-volumes/2.3/apps/firmware/esp32/build_contexts/build_ctx_353990982/libs/rpc-common/mjs_fs/api_rpc.js -> /fwbuild-volumes/2.3/apps/firmware/esp32/build_contexts/build_ctx_353990982/build/fs
  CP    /fwbuild-volumes/2.3/apps/firmware/esp32/build_contexts/build_ctx_353990982/libs/wifi/mjs_fs/api_wifi.js -> /fwbuild-volumes/2.3/apps/firmware/esp32/build_contexts/build_ctx_353990982/build/fs
  CP    /fwbuild-volumes/2.3/apps/firmware/esp32/build_contexts/build_ctx_353990982/libs/mjs/esp32/fs/api_arch_uart.js -> /fwbuild-volumes/2.3/apps/firmware/esp32/build_contexts/build_ctx_353990982/build/fs
  CP    /fwbuild-volumes/2.3/apps/firmware/esp32/build_contexts/build_ctx_353990982/libs/mjs/esp32/fs/api_esp32.js -> /fwbuild-volumes/2.3/apps/firmware/esp32/build_contexts/build_ctx_353990982/build/fs
  CP    /fwbuild-volumes/2.3/apps/firmware/esp32/build_contexts/build_ctx_353990982/fs/index.html -> /fwbuild-volumes/2.3/apps/firmware/esp32/build_contexts/build_ctx_353990982/build/fs
  CP    /fwbuild-volumes/2.3/apps/firmware/esp32/build_contexts/build_ctx_353990982/fs/init.js -> /fwbuild-volumes/2.3/apps/firmware/esp32/build_contexts/build_ctx_353990982/build/fs
  CP    /fwbuild-volumes/2.3/apps/firmware/esp32/build_contexts/build_ctx_353990982/build/gen/conf0.json -> /fwbuild-volumes/2.3/apps/firmware/esp32/build_contexts/build_ctx_353990982/build/fs
  MKFS  /usr/local/bin/mkspiffs8 262144 4096 256 4096 /fwbuild-volumes/2.3/apps/firmware/esp32/build_contexts/build_ctx_353990982/build/fs -> /fwbuild-volumes/2.3/apps/firmware/esp32/build_contexts/build_ctx_353990982/build/objs/fw_temp/fs.img
     Adding api_file.js: 2105
     Adding ca.pem: 18826
     Adding conf0.json: 3601
     Adding api_math.js: 1890
     Adding api_dataview.js: 7433
     Adding api_wifi.js: 1020
     Adding api_grove.js: 2327
     Adding api_http.js: 3812
     Adding api_bitbang.js: 815
     Adding index.html: 91
     Adding api_timer.js: 1736
     Adding api_esp32.js: 460
     Adding init.js: 2306
     Adding api_config.js: 2170
     Adding api_mqtt.js: 2766
     Adding api_sys.js: 1641
     Adding api_arch_uart.js: 1206
     Adding api_gpio.js: 2731
     Adding api_log.js: 2005
     Adding api_events.js: 3398
     Adding api_net.js: 5122
     Adding api_uart.js: 5772
     Adding api_rpc.js: 2792
     Image stats: size=262144, space: total=233681, used=84838, free=148843
  GEN    /fwbuild-volumes/2.3/apps/firmware/esp32/build_contexts/build_ctx_353990982/build/objs/fw_temp/manifest.json
  ZIP    /fwbuild-volumes/2.3/apps/firmware/esp32/build_contexts/build_ctx_353990982/build/fw/firmware-esp32-last.zip
     Adding /fwbuild-volumes/2.3/apps/firmware/esp32/build_contexts/build_ctx_353990982/build/objs/fw_temp/bootloader.bin
     Adding /fwbuild-volumes/2.3/apps/firmware/esp32/build_contexts/build_ctx_353990982/build/objs/fw_temp/firmware.bin
     Adding /fwbuild-volumes/2.3/apps/firmware/esp32/build_contexts/build_ctx_353990982/build/objs/fw_temp/fs.img
     Adding /fwbuild-volumes/2.3/apps/firmware/esp32/build_contexts/build_ctx_353990982/build/objs/fw_temp/otadata.bin
     Adding /fwbuild-volumes/2.3/apps/firmware/esp32/build_contexts/build_ctx_353990982/build/objs/fw_temp/partitions_mgos.bin
  Built firmware/esp32 version 1.0 (20180624-171945/???)
To flash all build output, run 'make flash' or:
python /opt/Espressif/esp-idf/components/esptool_py/esptool/esptool.py --chip esp32 --port /dev/ttyUSB0 --baud 1500000 --before default_reset --after hard_reset write_flash -z --flash_mode qio --flash_freq 40m --flash_size detect 0x1000 /fwbuild-volumes/2.3/apps/firmware/esp32/build_contexts/build_ctx_353990982/build/objs/bootloader/bootloader.bin 0x10000 /fwbuild-volumes/2.3/apps/firmware/esp32/build_contexts/build_ctx_353990982/build/objs/firmware.bin 0x8000 /fwbuild-volumes/2.3/apps/firmware/esp32/build_contexts/build_ctx_353990982/build/objs/partitions_mgos.bin
make: Leaving directory '/app'
Success, built firmware/esp32 version 1.0 (20180624-171945/???).
Firmware saved to build/fw.zip
